<?xml version="1.0" encoding="UTF-8"?>
<testsuites name="AVS ERP Master Autonomous QA Suite" time="1.18" tests="189" failures="0">
  <testsuite name="InvariantEngine" tests="21" failures="0" />
  <testsuite name="ApiFuzzHarness" tests="45" failures="0" />
  <testsuite name="MutationEngine" tests="21" failures="0" />
  <testsuite name="SecurityAttackSuite" tests="96" failures="0" />
  <testsuite name="ConcurrencyRaceSuite" tests="12" failures="0" />
  <testsuite name="FaultInjectionSuite" tests="15" failures="0" />
</testsuites>